0 silly input []
1 silly flags { _: [ 'bootstrap' ],
1 silly flags   'reject-cycles': false,
1 silly flags   rejectCycles: false,
1 silly flags   args: [] }
2 verbose rootPath /Users/hanpama/Workspace/girin
3 info version 2.9.0
4 silly existsSync /Users/hanpama/Workspace/girin/VERSION
5 silly initialize attempt
6 silly npmConfig { registry: undefined,
6 silly npmConfig   npmClient: undefined,
6 silly npmConfig   npmClientArgs: undefined,
6 silly npmConfig   mutex: undefined }
7 silly initialize success
8 silly execute attempt
9 info Bootstrapping 4 packages
10 info lifecycle preinstall
11 silly runScript preinstall girin
12 silly girin
13 silly runScript preinstall example-todolist-static
14 silly example-todolist-static
15 silly runScript preinstall girin-relay
16 silly girin-relay
17 silly runScript preinstall girin-typeorm
18 silly girin-typeorm
19 silly hasMatchingDependency example-todolist-static girin
20 silly hasMatchingDependency girin-relay girin
21 silly hasMatchingDependency girin-typeorm girin
22 silly hasDependencyInstalled girin-typeorm @types/graphql
23 silly dependencyIsSatisfied [ '@types/graphql',
23 silly dependencyIsSatisfied   '^0.12.4',
23 silly dependencyIsSatisfied   '/Users/hanpama/Workspace/girin/packages/girin-typeorm.explore/node_modules' ]
24 verbose dependencyIsSatisfied @types/graphql true
25 silly hasDependencyInstalled girin-typeorm @types/jest
26 silly dependencyIsSatisfied [ '@types/jest',
26 silly dependencyIsSatisfied   '^22.2.0',
26 silly dependencyIsSatisfied   '/Users/hanpama/Workspace/girin/packages/girin-typeorm.explore/node_modules' ]
27 verbose dependencyIsSatisfied @types/jest true
28 silly hasDependencyInstalled girin-typeorm graphql
29 silly dependencyIsSatisfied [ 'graphql',
29 silly dependencyIsSatisfied   '^0.13.1',
29 silly dependencyIsSatisfied   '/Users/hanpama/Workspace/girin/packages/girin-typeorm.explore/node_modules' ]
30 verbose dependencyIsSatisfied graphql true
31 silly hasDependencyInstalled girin-typeorm jest
32 silly dependencyIsSatisfied [ 'jest',
32 silly dependencyIsSatisfied   '^22.4.2',
32 silly dependencyIsSatisfied   '/Users/hanpama/Workspace/girin/packages/girin-typeorm.explore/node_modules' ]
33 verbose dependencyIsSatisfied jest true
34 silly hasDependencyInstalled girin-typeorm ts-jest
35 silly dependencyIsSatisfied [ 'ts-jest',
35 silly dependencyIsSatisfied   '^22.4.1',
35 silly dependencyIsSatisfied   '/Users/hanpama/Workspace/girin/packages/girin-typeorm.explore/node_modules' ]
36 verbose dependencyIsSatisfied ts-jest true
37 silly hasDependencyInstalled example-todolist-static typescript
38 silly dependencyIsSatisfied [ 'typescript',
38 silly dependencyIsSatisfied   '^2.7.1',
38 silly dependencyIsSatisfied   '/Users/hanpama/Workspace/girin/packages/example-todolist/node_modules' ]
39 verbose dependencyIsSatisfied typescript false
40 silly hasDependencyInstalled girin-typeorm typescript
41 silly dependencyIsSatisfied [ 'typescript',
41 silly dependencyIsSatisfied   '^2.6.2',
41 silly dependencyIsSatisfied   '/Users/hanpama/Workspace/girin/packages/girin-typeorm.explore/node_modules' ]
42 verbose dependencyIsSatisfied typescript true
43 silly hasDependencyInstalled example-todolist-static @types/react
44 silly dependencyIsSatisfied [ '@types/react',
44 silly dependencyIsSatisfied   '^16.0.35',
44 silly dependencyIsSatisfied   '/Users/hanpama/Workspace/girin/packages/example-todolist/node_modules' ]
45 verbose dependencyIsSatisfied @types/react false
46 silly hasDependencyInstalled example-todolist-static @types/react-dom
47 silly dependencyIsSatisfied [ '@types/react-dom',
47 silly dependencyIsSatisfied   '^16.0.3',
47 silly dependencyIsSatisfied   '/Users/hanpama/Workspace/girin/packages/example-todolist/node_modules' ]
48 verbose dependencyIsSatisfied @types/react-dom false
49 silly hasDependencyInstalled example-todolist-static apollo-client-preset
50 silly dependencyIsSatisfied [ 'apollo-client-preset',
50 silly dependencyIsSatisfied   '^1.0.6',
50 silly dependencyIsSatisfied   '/Users/hanpama/Workspace/girin/packages/example-todolist/node_modules' ]
51 verbose dependencyIsSatisfied apollo-client-preset false
52 silly hasDependencyInstalled example-todolist-static apollo-link-schema
53 silly dependencyIsSatisfied [ 'apollo-link-schema',
53 silly dependencyIsSatisfied   '^1.0.2',
53 silly dependencyIsSatisfied   '/Users/hanpama/Workspace/girin/packages/example-todolist/node_modules' ]
54 verbose dependencyIsSatisfied apollo-link-schema false
55 silly hasDependencyInstalled example-todolist-static graphql-tag
56 silly dependencyIsSatisfied [ 'graphql-tag',
56 silly dependencyIsSatisfied   '^2.6.1',
56 silly dependencyIsSatisfied   '/Users/hanpama/Workspace/girin/packages/example-todolist/node_modules' ]
57 verbose dependencyIsSatisfied graphql-tag false
58 silly hasDependencyInstalled example-todolist-static parcel-bundler
59 silly dependencyIsSatisfied [ 'parcel-bundler',
59 silly dependencyIsSatisfied   '1.2.1',
59 silly dependencyIsSatisfied   '/Users/hanpama/Workspace/girin/packages/example-todolist/node_modules' ]
60 verbose dependencyIsSatisfied parcel-bundler false
61 silly hasDependencyInstalled example-todolist-static react
62 silly dependencyIsSatisfied [ 'react',
62 silly dependencyIsSatisfied   '^16.2.0',
62 silly dependencyIsSatisfied   '/Users/hanpama/Workspace/girin/packages/example-todolist/node_modules' ]
63 verbose dependencyIsSatisfied react false
64 silly hasDependencyInstalled example-todolist-static react-apollo
65 silly dependencyIsSatisfied [ 'react-apollo',
65 silly dependencyIsSatisfied   '^2.0.4',
65 silly dependencyIsSatisfied   '/Users/hanpama/Workspace/girin/packages/example-todolist/node_modules' ]
66 verbose dependencyIsSatisfied react-apollo false
67 silly hasDependencyInstalled example-todolist-static react-dom
68 silly dependencyIsSatisfied [ 'react-dom',
68 silly dependencyIsSatisfied   '^16.2.0',
68 silly dependencyIsSatisfied   '/Users/hanpama/Workspace/girin/packages/example-todolist/node_modules' ]
69 verbose dependencyIsSatisfied react-dom false
70 silly hasDependencyInstalled girin-relay @types/graphql-relay
71 silly dependencyIsSatisfied [ '@types/graphql-relay',
71 silly dependencyIsSatisfied   '^0.4.3',
71 silly dependencyIsSatisfied   '/Users/hanpama/Workspace/girin/packages/girin-relay/node_modules' ]
72 verbose dependencyIsSatisfied @types/graphql-relay true
73 silly hasDependencyInstalled girin-relay graphql-relay
74 silly dependencyIsSatisfied [ 'graphql-relay',
74 silly dependencyIsSatisfied   '^0.5.4',
74 silly dependencyIsSatisfied   '/Users/hanpama/Workspace/girin/packages/girin-relay/node_modules' ]
75 verbose dependencyIsSatisfied graphql-relay true
76 silly hasDependencyInstalled girin-typeorm @types/asynciterator
77 silly dependencyIsSatisfied [ '@types/asynciterator',
77 silly dependencyIsSatisfied   '^1.1.0',
77 silly dependencyIsSatisfied   '/Users/hanpama/Workspace/girin/packages/girin-typeorm.explore/node_modules' ]
78 verbose dependencyIsSatisfied @types/asynciterator true
79 silly hasDependencyInstalled girin-typeorm @types/glob
80 silly dependencyIsSatisfied [ '@types/glob',
80 silly dependencyIsSatisfied   '^5.0.33',
80 silly dependencyIsSatisfied   '/Users/hanpama/Workspace/girin/packages/girin-typeorm.explore/node_modules' ]
81 verbose dependencyIsSatisfied @types/glob true
82 silly hasDependencyInstalled girin-typeorm @types/invariant
83 silly dependencyIsSatisfied [ '@types/invariant',
83 silly dependencyIsSatisfied   '^2.2.29',
83 silly dependencyIsSatisfied   '/Users/hanpama/Workspace/girin/packages/girin-typeorm.explore/node_modules' ]
84 verbose dependencyIsSatisfied @types/invariant true
85 silly hasDependencyInstalled girin-typeorm @types/lodash
86 silly dependencyIsSatisfied [ '@types/lodash',
86 silly dependencyIsSatisfied   '^4.14.88',
86 silly dependencyIsSatisfied   '/Users/hanpama/Workspace/girin/packages/girin-typeorm.explore/node_modules' ]
87 verbose dependencyIsSatisfied @types/lodash true
88 silly hasDependencyInstalled girin-typeorm @types/node
89 silly dependencyIsSatisfied [ '@types/node',
89 silly dependencyIsSatisfied   '^8.0.56',
89 silly dependencyIsSatisfied   '/Users/hanpama/Workspace/girin/packages/girin-typeorm.explore/node_modules' ]
90 verbose dependencyIsSatisfied @types/node true
91 silly hasDependencyInstalled girin-typeorm concurrently
92 silly dependencyIsSatisfied [ 'concurrently',
92 silly dependencyIsSatisfied   '^3.5.1',
92 silly dependencyIsSatisfied   '/Users/hanpama/Workspace/girin/packages/girin-typeorm.explore/node_modules' ]
93 verbose dependencyIsSatisfied concurrently true
94 silly hasDependencyInstalled girin-typeorm glob
95 silly dependencyIsSatisfied [ 'glob',
95 silly dependencyIsSatisfied   '^7.1.2',
95 silly dependencyIsSatisfied   '/Users/hanpama/Workspace/girin/packages/girin-typeorm.explore/node_modules' ]
96 verbose dependencyIsSatisfied glob true
97 silly hasDependencyInstalled girin-typeorm mssql
98 silly dependencyIsSatisfied [ 'mssql',
98 silly dependencyIsSatisfied   '^4.1.0',
98 silly dependencyIsSatisfied   '/Users/hanpama/Workspace/girin/packages/girin-typeorm.explore/node_modules' ]
99 verbose dependencyIsSatisfied mssql true
100 silly hasDependencyInstalled girin-typeorm mysql
101 silly dependencyIsSatisfied [ 'mysql',
101 silly dependencyIsSatisfied   '^2.15.0',
101 silly dependencyIsSatisfied   '/Users/hanpama/Workspace/girin/packages/girin-typeorm.explore/node_modules' ]
102 verbose dependencyIsSatisfied mysql true
103 silly hasDependencyInstalled girin-typeorm pg
104 silly dependencyIsSatisfied [ 'pg',
104 silly dependencyIsSatisfied   '^7.4.0',
104 silly dependencyIsSatisfied   '/Users/hanpama/Workspace/girin/packages/girin-typeorm.explore/node_modules' ]
105 verbose dependencyIsSatisfied pg true
106 silly hasDependencyInstalled girin-typeorm sql.js
107 silly dependencyIsSatisfied [ 'sql.js',
107 silly dependencyIsSatisfied   '^0.4.0',
107 silly dependencyIsSatisfied   '/Users/hanpama/Workspace/girin/packages/girin-typeorm.explore/node_modules' ]
108 verbose dependencyIsSatisfied sql.js true
109 silly hasDependencyInstalled girin-typeorm sqlite3
110 silly dependencyIsSatisfied [ 'sqlite3',
110 silly dependencyIsSatisfied   '^3.1.13',
110 silly dependencyIsSatisfied   '/Users/hanpama/Workspace/girin/packages/girin-typeorm.explore/node_modules' ]
111 verbose dependencyIsSatisfied sqlite3 true
112 silly hasDependencyInstalled girin-typeorm graphql-iso-date
113 silly dependencyIsSatisfied [ 'graphql-iso-date',
113 silly dependencyIsSatisfied   '^3.3.0',
113 silly dependencyIsSatisfied   '/Users/hanpama/Workspace/girin/packages/girin-typeorm.explore/node_modules' ]
114 verbose dependencyIsSatisfied graphql-iso-date true
115 silly hasDependencyInstalled girin-typeorm invariant
116 silly dependencyIsSatisfied [ 'invariant',
116 silly dependencyIsSatisfied   '^2.2.2',
116 silly dependencyIsSatisfied   '/Users/hanpama/Workspace/girin/packages/girin-typeorm.explore/node_modules' ]
117 verbose dependencyIsSatisfied invariant true
118 silly hasDependencyInstalled girin-typeorm lodash
119 silly dependencyIsSatisfied [ 'lodash',
119 silly dependencyIsSatisfied   '^4.17.4',
119 silly dependencyIsSatisfied   '/Users/hanpama/Workspace/girin/packages/girin-typeorm.explore/node_modules' ]
120 verbose dependencyIsSatisfied lodash true
121 silly hasDependencyInstalled girin-typeorm typeorm
122 silly dependencyIsSatisfied [ 'typeorm',
122 silly dependencyIsSatisfied   '^0.1.7',
122 silly dependencyIsSatisfied   '/Users/hanpama/Workspace/girin/packages/girin-typeorm.explore/node_modules' ]
123 verbose dependencyIsSatisfied typeorm true
124 silly root dependencies []
125 silly leaf dependencies {
125 silly leaf dependencies   "girin-typeorm": [
125 silly leaf dependencies     {
125 silly leaf dependencies       "dependency": "@types/graphql@^0.12.4",
125 silly leaf dependencies       "isSatisfied": true
125 silly leaf dependencies     },
125 silly leaf dependencies     {
125 silly leaf dependencies       "dependency": "@types/jest@^22.2.0",
125 silly leaf dependencies       "isSatisfied": true
125 silly leaf dependencies     },
125 silly leaf dependencies     {
125 silly leaf dependencies       "dependency": "graphql@^0.13.1",
125 silly leaf dependencies       "isSatisfied": true
125 silly leaf dependencies     },
125 silly leaf dependencies     {
125 silly leaf dependencies       "dependency": "jest@^22.4.2",
125 silly leaf dependencies       "isSatisfied": true
125 silly leaf dependencies     },
125 silly leaf dependencies     {
125 silly leaf dependencies       "dependency": "ts-jest@^22.4.1",
125 silly leaf dependencies       "isSatisfied": true
125 silly leaf dependencies     },
125 silly leaf dependencies     {
125 silly leaf dependencies       "dependency": "typescript@^2.6.2",
125 silly leaf dependencies       "isSatisfied": true
125 silly leaf dependencies     },
125 silly leaf dependencies     {
125 silly leaf dependencies       "dependency": "@types/asynciterator@^1.1.0",
125 silly leaf dependencies       "isSatisfied": true
125 silly leaf dependencies     },
125 silly leaf dependencies     {
125 silly leaf dependencies       "dependency": "@types/glob@^5.0.33",
125 silly leaf dependencies       "isSatisfied": true
125 silly leaf dependencies     },
125 silly leaf dependencies     {
125 silly leaf dependencies       "dependency": "@types/invariant@^2.2.29",
125 silly leaf dependencies       "isSatisfied": true
125 silly leaf dependencies     },
125 silly leaf dependencies     {
125 silly leaf dependencies       "dependency": "@types/lodash@^4.14.88",
125 silly leaf dependencies       "isSatisfied": true
125 silly leaf dependencies     },
125 silly leaf dependencies     {
125 silly leaf dependencies       "dependency": "@types/node@^8.0.56",
125 silly leaf dependencies       "isSatisfied": true
125 silly leaf dependencies     },
125 silly leaf dependencies     {
125 silly leaf dependencies       "dependency": "concurrently@^3.5.1",
125 silly leaf dependencies       "isSatisfied": true
125 silly leaf dependencies     },
125 silly leaf dependencies     {
125 silly leaf dependencies       "dependency": "glob@^7.1.2",
125 silly leaf dependencies       "isSatisfied": true
125 silly leaf dependencies     },
125 silly leaf dependencies     {
125 silly leaf dependencies       "dependency": "mssql@^4.1.0",
125 silly leaf dependencies       "isSatisfied": true
125 silly leaf dependencies     },
125 silly leaf dependencies     {
125 silly leaf dependencies       "dependency": "mysql@^2.15.0",
125 silly leaf dependencies       "isSatisfied": true
125 silly leaf dependencies     },
125 silly leaf dependencies     {
125 silly leaf dependencies       "dependency": "pg@^7.4.0",
125 silly leaf dependencies       "isSatisfied": true
125 silly leaf dependencies     },
125 silly leaf dependencies     {
125 silly leaf dependencies       "dependency": "sql.js@^0.4.0",
125 silly leaf dependencies       "isSatisfied": true
125 silly leaf dependencies     },
125 silly leaf dependencies     {
125 silly leaf dependencies       "dependency": "sqlite3@^3.1.13",
125 silly leaf dependencies       "isSatisfied": true
125 silly leaf dependencies     },
125 silly leaf dependencies     {
125 silly leaf dependencies       "dependency": "graphql-iso-date@^3.3.0",
125 silly leaf dependencies       "isSatisfied": true
125 silly leaf dependencies     },
125 silly leaf dependencies     {
125 silly leaf dependencies       "dependency": "invariant@^2.2.2",
125 silly leaf dependencies       "isSatisfied": true
125 silly leaf dependencies     },
125 silly leaf dependencies     {
125 silly leaf dependencies       "dependency": "lodash@^4.17.4",
125 silly leaf dependencies       "isSatisfied": true
125 silly leaf dependencies     },
125 silly leaf dependencies     {
125 silly leaf dependencies       "dependency": "typeorm@^0.1.7",
125 silly leaf dependencies       "isSatisfied": true
125 silly leaf dependencies     }
125 silly leaf dependencies   ],
125 silly leaf dependencies   "example-todolist-static": [
125 silly leaf dependencies     {
125 silly leaf dependencies       "dependency": "typescript@^2.7.1",
125 silly leaf dependencies       "isSatisfied": false
125 silly leaf dependencies     },
125 silly leaf dependencies     {
125 silly leaf dependencies       "dependency": "@types/react@^16.0.35",
125 silly leaf dependencies       "isSatisfied": false
125 silly leaf dependencies     },
125 silly leaf dependencies     {
125 silly leaf dependencies       "dependency": "@types/react-dom@^16.0.3",
125 silly leaf dependencies       "isSatisfied": false
125 silly leaf dependencies     },
125 silly leaf dependencies     {
125 silly leaf dependencies       "dependency": "apollo-client-preset@^1.0.6",
125 silly leaf dependencies       "isSatisfied": false
125 silly leaf dependencies     },
125 silly leaf dependencies     {
125 silly leaf dependencies       "dependency": "apollo-link-schema@^1.0.2",
125 silly leaf dependencies       "isSatisfied": false
125 silly leaf dependencies     },
125 silly leaf dependencies     {
125 silly leaf dependencies       "dependency": "graphql-tag@^2.6.1",
125 silly leaf dependencies       "isSatisfied": false
125 silly leaf dependencies     },
125 silly leaf dependencies     {
125 silly leaf dependencies       "dependency": "parcel-bundler@1.2.1",
125 silly leaf dependencies       "isSatisfied": false
125 silly leaf dependencies     },
125 silly leaf dependencies     {
125 silly leaf dependencies       "dependency": "react@^16.2.0",
125 silly leaf dependencies       "isSatisfied": false
125 silly leaf dependencies     },
125 silly leaf dependencies     {
125 silly leaf dependencies       "dependency": "react-apollo@^2.0.4",
125 silly leaf dependencies       "isSatisfied": false
125 silly leaf dependencies     },
125 silly leaf dependencies     {
125 silly leaf dependencies       "dependency": "react-dom@^16.2.0",
125 silly leaf dependencies       "isSatisfied": false
125 silly leaf dependencies     }
125 silly leaf dependencies   ],
125 silly leaf dependencies   "girin-relay": [
125 silly leaf dependencies     {
125 silly leaf dependencies       "dependency": "@types/graphql-relay@^0.4.3",
125 silly leaf dependencies       "isSatisfied": true
125 silly leaf dependencies     },
125 silly leaf dependencies     {
125 silly leaf dependencies       "dependency": "graphql-relay@^0.5.4",
125 silly leaf dependencies       "isSatisfied": true
125 silly leaf dependencies     }
125 silly leaf dependencies   ]
125 silly leaf dependencies }
126 info Installing external dependencies
127 verbose actions 1 actions, concurrency 4
128 silly installInDir example-todolist [ 'typescript@^2.7.1',
128 silly installInDir   '@types/react@^16.0.35',
128 silly installInDir   '@types/react-dom@^16.0.3',
128 silly installInDir   'apollo-client-preset@^1.0.6',
128 silly installInDir   'apollo-link-schema@^1.0.2',
128 silly installInDir   'graphql-tag@^2.6.1',
128 silly installInDir   'parcel-bundler@1.2.1',
128 silly installInDir   'react@^16.2.0',
128 silly installInDir   'react-apollo@^2.0.4',
128 silly installInDir   'react-dom@^16.2.0' ]
129 silly installInDir backup /Users/hanpama/Workspace/girin/packages/example-todolist/package.json
130 silly rename [ '/Users/hanpama/Workspace/girin/packages/example-todolist/package.json',
130 silly rename   '/Users/hanpama/Workspace/girin/packages/example-todolist/package.json.lerna_backup' ]
131 silly installInDir writing tempJson { dependencies:
131 silly installInDir    { typescript: '^2.7.1',
131 silly installInDir      '@types/react': '^16.0.35',
131 silly installInDir      '@types/react-dom': '^16.0.3',
131 silly installInDir      'apollo-client-preset': '^1.0.6',
131 silly installInDir      'apollo-link-schema': '^1.0.2',
131 silly installInDir      'graphql-tag': '^2.6.1',
131 silly installInDir      'parcel-bundler': '1.2.1',
131 silly installInDir      react: '^16.2.0',
131 silly installInDir      'react-apollo': '^2.0.4',
131 silly installInDir      'react-dom': '^16.2.0' } }
132 silly getExecOpts { cwd: '/Users/hanpama/Workspace/girin/packages/example-todolist' }
133 silly installInDir [ 'npm', [ 'install' ] ]
134 silly installInDir cleanup /Users/hanpama/Workspace/girin/packages/example-todolist/package.json
135 silly renameSync [ '/Users/hanpama/Workspace/girin/packages/example-todolist/package.json.lerna_backup',
135 silly renameSync   '/Users/hanpama/Workspace/girin/packages/example-todolist/package.json' ]
136 verbose installed leaf example-todolist-static
137 info Symlinking packages and binaries
138 silly existsSync /Users/hanpama/Workspace/girin/packages/girin/package.json
139 silly hasMatchingDependency example-todolist-static girin
140 silly existsSync /Users/hanpama/Workspace/girin/packages/example-todolist/node_modules/girin
141 silly existsSync /Users/hanpama/Workspace/girin/packages/girin/package.json
142 silly hasMatchingDependency girin-relay girin
143 silly existsSync /Users/hanpama/Workspace/girin/packages/girin-relay/node_modules/girin
144 silly isSymlink /Users/hanpama/Workspace/girin/packages/girin-relay/node_modules/girin
145 verbose isSymlink [ '/Users/hanpama/Workspace/girin/packages/girin-relay/node_modules/girin',
145 verbose isSymlink   '/Users/hanpama/Workspace/girin/packages/girin' ]
146 silly existsSync /Users/hanpama/Workspace/girin/packages/girin/package.json
147 silly hasMatchingDependency girin-typeorm girin
148 silly existsSync /Users/hanpama/Workspace/girin/packages/girin-typeorm.explore/node_modules/girin
149 silly isSymlink /Users/hanpama/Workspace/girin/packages/girin-typeorm.explore/node_modules/girin
150 verbose isSymlink [ '/Users/hanpama/Workspace/girin/packages/girin-typeorm.explore/node_modules/girin',
150 verbose isSymlink   '/Users/hanpama/Workspace/girin/packages/girin' ]
151 silly mkdirp /Users/hanpama/Workspace/girin/packages/example-todolist/node_modules
152 silly symlink [ '/Users/hanpama/Workspace/girin/packages/girin',
152 silly symlink   '/Users/hanpama/Workspace/girin/packages/example-todolist/node_modules/girin',
152 silly symlink   'junction' ]
153 silly createSymbolicLink [ '../../girin',
153 silly createSymbolicLink   '/Users/hanpama/Workspace/girin/packages/example-todolist/node_modules/girin',
153 silly createSymbolicLink   'junction' ]
154 silly packageActions finished example-todolist-static
155 silly mkdirp /Users/hanpama/Workspace/girin/packages/girin-relay/node_modules
156 silly symlink [ '/Users/hanpama/Workspace/girin/packages/girin',
156 silly symlink   '/Users/hanpama/Workspace/girin/packages/girin-relay/node_modules/girin',
156 silly symlink   'junction' ]
157 silly createSymbolicLink [ '../../girin',
157 silly createSymbolicLink   '/Users/hanpama/Workspace/girin/packages/girin-relay/node_modules/girin',
157 silly createSymbolicLink   'junction' ]
158 silly packageActions finished girin-relay
159 silly mkdirp /Users/hanpama/Workspace/girin/packages/girin-typeorm.explore/node_modules
160 silly symlink [ '/Users/hanpama/Workspace/girin/packages/girin',
160 silly symlink   '/Users/hanpama/Workspace/girin/packages/girin-typeorm.explore/node_modules/girin',
160 silly symlink   'junction' ]
161 silly createSymbolicLink [ '../../girin',
161 silly createSymbolicLink   '/Users/hanpama/Workspace/girin/packages/girin-typeorm.explore/node_modules/girin',
161 silly createSymbolicLink   'junction' ]
162 silly packageActions finished girin-typeorm
163 silly packageActions finished girin
164 info lifecycle postinstall
165 silly runScript postinstall girin
166 silly girin
167 silly runScript postinstall example-todolist-static
168 silly runScriptInDir postinstall [] example-todolist
169 silly getExecOpts { cwd: '/Users/hanpama/Workspace/girin/packages/example-todolist' }
170 silly runScript postinstall girin-relay
171 silly girin-relay
172 silly runScript postinstall girin-typeorm
173 silly girin-typeorm
174 silly example-todolist-static
175 info lifecycle prepublish
176 silly runScript prepublish girin
177 silly runScriptInDir prepublish [] girin
178 silly getExecOpts { cwd: '/Users/hanpama/Workspace/girin/packages/girin' }
179 silly girin
180 silly runScript prepublish example-todolist-static
181 silly example-todolist-static
182 silly runScript prepublish girin-relay
183 silly runScriptInDir prepublish [] girin-relay
184 silly getExecOpts { cwd: '/Users/hanpama/Workspace/girin/packages/girin-relay' }
185 silly runScript prepublish girin-typeorm
186 silly girin-typeorm
187 silly girin-relay
188 error execute Error occured with 'girin-relay' while running 'npm run prepublish'
189 error npm run prepublish [girin-relay] Output from stdout:
190 error npm run prepublish [girin-relay] Output from stderr:
191 error execute Error occured with 'girin-relay' while running 'npm run prepublish'
